<?xml version="1.0" encoding="UTF-8" standalone="no"?>
<testsuite errors="0" failures="0" name="io.cucumber.core.plugin.JUnitFormatter" skipped="0" tests="2" time="28.789">
<testcase classname="Test Login functionality" name="Check Login is successfull with valid credentials" time="14.691">
<system-out><![CDATA[Given browser is open.......................................................passed
And user is on login page...................................................passed
When user enters Raghav and 12345...........................................passed
And user clicks on login....................................................passed
Then user is navigated to the homepage......................................passed
]]></system-out>
</testcase>
<testcase classname="Test Login functionality" name="Check Login is successfull with valid credentials 2" time="13.854">
<system-out><![CDATA[Given browser is open.......................................................passed
And user is on login page...................................................passed
When user enters Ele and 12345..............................................passed
And user clicks on login....................................................passed
Then user is navigated to the homepage......................................passed
]]></system-out>
</testcase>
</testsuite>
